Performing Other Test HAVE_TM_ZONE failed with the following output:
Change Dir: '/Users/stefanorizzetto/Documents/HDF5Kit/build/ios-sim-arm64/CMakeFiles/CMakeTmp'

Run Build Command(s): /opt/homebrew/bin/cmake -E env VERBOSE=1 /usr/bin/make -f Makefile cmTC_d7d39/fast
/Applications/Xcode.app/Contents/Developer/usr/bin/make  -f CMakeFiles/cmTC_d7d39.dir/build.make CMakeFiles/cmTC_d7d39.dir/build
Building C object CMakeFiles/cmTC_d7d39.dir/HDFTests.c.o
/usr/bin/cc   -arch arm64 -isysroot /Applications/Xcode.app/Contents/Developer/Platforms/iPhoneSimulator.platform/Developer/SDKs/iPhoneSimulator18.2.sdk   -DHAVE_TM_ZONE  -DHAVE_SYS_TIME_H -DHAVE_UNISTD_H -DHAVE_SYS_TYPES_H -DHAVE_SYS_SOCKET_H -MD -MT CMakeFiles/cmTC_d7d39.dir/HDFTests.c.o -MF CMakeFiles/cmTC_d7d39.dir/HDFTests.c.o.d -o CMakeFiles/cmTC_d7d39.dir/HDFTests.c.o -c /Users/stefanorizzetto/Documents/HDF5Kit/hdf5-1.14.6/config/cmake/HDFTests.c
Linking C executable cmTC_d7d39
/opt/homebrew/bin/cmake -E cmake_link_script CMakeFiles/cmTC_d7d39.dir/link.txt --verbose=1
Undefined symbols for architecture arm64:
  "_main", referenced from:
      <initial-undefines>
ld: symbol(s) not found for architecture arm64
clang: error: linker command failed with exit code 1 (use -v to see invocation)
/usr/bin/cc  -arch arm64 -isysroot /Applications/Xcode.app/Contents/Developer/Platforms/iPhoneSimulator.platform/Developer/SDKs/iPhoneSimulator18.2.sdk -Wl,-search_paths_first -Wl,-headerpad_max_install_names CMakeFiles/cmTC_d7d39.dir/HDFTests.c.o -o cmTC_d7d39  -lm -ldl
make[1]: *** [cmTC_d7d39] Error 1
make: *** [cmTC_d7d39/fast] Error 2


Performing Other Test HAVE_STRUCT_TM_TM_ZONE failed with the following output:
Change Dir: '/Users/stefanorizzetto/Documents/HDF5Kit/build/ios-sim-arm64/CMakeFiles/CMakeTmp'

Run Build Command(s): /opt/homebrew/bin/cmake -E env VERBOSE=1 /usr/bin/make -f Makefile cmTC_80adb/fast
/Applications/Xcode.app/Contents/Developer/usr/bin/make  -f CMakeFiles/cmTC_80adb.dir/build.make CMakeFiles/cmTC_80adb.dir/build
Building C object CMakeFiles/cmTC_80adb.dir/HDFTests.c.o
/usr/bin/cc   -arch arm64 -isysroot /Applications/Xcode.app/Contents/Developer/Platforms/iPhoneSimulator.platform/Developer/SDKs/iPhoneSimulator18.2.sdk   -DHAVE_STRUCT_TM_TM_ZONE  -DHAVE_SYS_TIME_H -DHAVE_UNISTD_H -DHAVE_SYS_TYPES_H -DHAVE_SYS_SOCKET_H -MD -MT CMakeFiles/cmTC_80adb.dir/HDFTests.c.o -MF CMakeFiles/cmTC_80adb.dir/HDFTests.c.o.d -o CMakeFiles/cmTC_80adb.dir/HDFTests.c.o -c /Users/stefanorizzetto/Documents/HDF5Kit/hdf5-1.14.6/config/cmake/HDFTests.c
Linking C executable cmTC_80adb
/opt/homebrew/bin/cmake -E cmake_link_script CMakeFiles/cmTC_80adb.dir/link.txt --verbose=1
Undefined symbols for architecture arm64:
  "_main", referenced from:
      <initial-undefines>
ld: symbol(s) not found for architecture arm64
clang: error: linker command failed with exit code 1 (use -v to see invocation)
/usr/bin/cc  -arch arm64 -isysroot /Applications/Xcode.app/Contents/Developer/Platforms/iPhoneSimulator.platform/Developer/SDKs/iPhoneSimulator18.2.sdk -Wl,-search_paths_first -Wl,-headerpad_max_install_names CMakeFiles/cmTC_80adb.dir/HDFTests.c.o -o cmTC_80adb  -lm -ldl
make[1]: *** [cmTC_80adb] Error 1
make: *** [cmTC_80adb/fast] Error 2


Test H5_LDOUBLE_TO_LONG_SPECIAL Compile succeeded with the following output:
 Change Dir: '/Users/stefanorizzetto/Documents/HDF5Kit/build/ios-sim-arm64/CMakeFiles/CMakeTmp'

Run Build Command(s): /opt/homebrew/bin/cmake -E env VERBOSE=1 /usr/bin/make -f Makefile cmTC_32fa4/fast
/Applications/Xcode.app/Contents/Developer/usr/bin/make  -f CMakeFiles/cmTC_32fa4.dir/build.make CMakeFiles/cmTC_32fa4.dir/build
Building C object CMakeFiles/cmTC_32fa4.dir/ConversionTests.c.o
/usr/bin/cc   -DH5_LDOUBLE_TO_LONG_SPECIAL_TEST -arch arm64 -isysroot /Applications/Xcode.app/Contents/Developer/Platforms/iPhoneSimulator.platform/Developer/SDKs/iPhoneSimulator18.2.sdk -MD -MT CMakeFiles/cmTC_32fa4.dir/ConversionTests.c.o -MF CMakeFiles/cmTC_32fa4.dir/ConversionTests.c.o.d -o CMakeFiles/cmTC_32fa4.dir/ConversionTests.c.o -c /Users/stefanorizzetto/Documents/HDF5Kit/hdf5-1.14.6/config/cmake/ConversionTests.c
Linking C executable cmTC_32fa4
/opt/homebrew/bin/cmake -E cmake_link_script CMakeFiles/cmTC_32fa4.dir/link.txt --verbose=1
/usr/bin/cc  -DH5_LDOUBLE_TO_LONG_SPECIAL_TEST -arch arm64 -isysroot /Applications/Xcode.app/Contents/Developer/Platforms/iPhoneSimulator.platform/Developer/SDKs/iPhoneSimulator18.2.sdk -Wl,-search_paths_first -Wl,-headerpad_max_install_names CMakeFiles/cmTC_32fa4.dir/ConversionTests.c.o -o cmTC_32fa4


Test H5_LDOUBLE_TO_LONG_SPECIAL Run failed with exit code FAILED_TO_RUN and with the following output:
 dyld[73889]: DYLD_ROOT_PATH not set for simulator program
Subprocess aborted
Test H5_LONG_TO_LDOUBLE_SPECIAL Compile succeeded with the following output:
 Change Dir: '/Users/stefanorizzetto/Documents/HDF5Kit/build/ios-sim-arm64/CMakeFiles/CMakeTmp'

Run Build Command(s): /opt/homebrew/bin/cmake -E env VERBOSE=1 /usr/bin/make -f Makefile cmTC_9aeda/fast
/Applications/Xcode.app/Contents/Developer/usr/bin/make  -f CMakeFiles/cmTC_9aeda.dir/build.make CMakeFiles/cmTC_9aeda.dir/build
Building C object CMakeFiles/cmTC_9aeda.dir/ConversionTests.c.o
/usr/bin/cc   -DH5_LONG_TO_LDOUBLE_SPECIAL_TEST -arch arm64 -isysroot /Applications/Xcode.app/Contents/Developer/Platforms/iPhoneSimulator.platform/Developer/SDKs/iPhoneSimulator18.2.sdk -MD -MT CMakeFiles/cmTC_9aeda.dir/ConversionTests.c.o -MF CMakeFiles/cmTC_9aeda.dir/ConversionTests.c.o.d -o CMakeFiles/cmTC_9aeda.dir/ConversionTests.c.o -c /Users/stefanorizzetto/Documents/HDF5Kit/hdf5-1.14.6/config/cmake/ConversionTests.c
Linking C executable cmTC_9aeda
/opt/homebrew/bin/cmake -E cmake_link_script CMakeFiles/cmTC_9aeda.dir/link.txt --verbose=1
/usr/bin/cc  -DH5_LONG_TO_LDOUBLE_SPECIAL_TEST -arch arm64 -isysroot /Applications/Xcode.app/Contents/Developer/Platforms/iPhoneSimulator.platform/Developer/SDKs/iPhoneSimulator18.2.sdk -Wl,-search_paths_first -Wl,-headerpad_max_install_names CMakeFiles/cmTC_9aeda.dir/ConversionTests.c.o -o cmTC_9aeda


Test H5_LONG_TO_LDOUBLE_SPECIAL Run failed with exit code FAILED_TO_RUN and with the following output:
 dyld[73934]: DYLD_ROOT_PATH not set for simulator program
Subprocess aborted
Test H5_LDOUBLE_TO_LLONG_ACCURATE Compile succeeded with the following output:
 Change Dir: '/Users/stefanorizzetto/Documents/HDF5Kit/build/ios-sim-arm64/CMakeFiles/CMakeTmp'

Run Build Command(s): /opt/homebrew/bin/cmake -E env VERBOSE=1 /usr/bin/make -f Makefile cmTC_195ab/fast
/Applications/Xcode.app/Contents/Developer/usr/bin/make  -f CMakeFiles/cmTC_195ab.dir/build.make CMakeFiles/cmTC_195ab.dir/build
Building C object CMakeFiles/cmTC_195ab.dir/ConversionTests.c.o
/usr/bin/cc   -DH5_LDOUBLE_TO_LLONG_ACCURATE_TEST -arch arm64 -isysroot /Applications/Xcode.app/Contents/Developer/Platforms/iPhoneSimulator.platform/Developer/SDKs/iPhoneSimulator18.2.sdk -MD -MT CMakeFiles/cmTC_195ab.dir/ConversionTests.c.o -MF CMakeFiles/cmTC_195ab.dir/ConversionTests.c.o.d -o CMakeFiles/cmTC_195ab.dir/ConversionTests.c.o -c /Users/stefanorizzetto/Documents/HDF5Kit/hdf5-1.14.6/config/cmake/ConversionTests.c
Linking C executable cmTC_195ab
/opt/homebrew/bin/cmake -E cmake_link_script CMakeFiles/cmTC_195ab.dir/link.txt --verbose=1
/usr/bin/cc  -DH5_LDOUBLE_TO_LLONG_ACCURATE_TEST -arch arm64 -isysroot /Applications/Xcode.app/Contents/Developer/Platforms/iPhoneSimulator.platform/Developer/SDKs/iPhoneSimulator18.2.sdk -Wl,-search_paths_first -Wl,-headerpad_max_install_names CMakeFiles/cmTC_195ab.dir/ConversionTests.c.o -o cmTC_195ab


Test H5_LDOUBLE_TO_LLONG_ACCURATE Run failed with exit code FAILED_TO_RUN and with the following output:
 dyld[73979]: DYLD_ROOT_PATH not set for simulator program
Subprocess aborted
Test H5_LLONG_TO_LDOUBLE_CORRECT Compile succeeded with the following output:
 Change Dir: '/Users/stefanorizzetto/Documents/HDF5Kit/build/ios-sim-arm64/CMakeFiles/CMakeTmp'

Run Build Command(s): /opt/homebrew/bin/cmake -E env VERBOSE=1 /usr/bin/make -f Makefile cmTC_c15f2/fast
/Applications/Xcode.app/Contents/Developer/usr/bin/make  -f CMakeFiles/cmTC_c15f2.dir/build.make CMakeFiles/cmTC_c15f2.dir/build
Building C object CMakeFiles/cmTC_c15f2.dir/ConversionTests.c.o
/usr/bin/cc   -DH5_LLONG_TO_LDOUBLE_CORRECT_TEST -arch arm64 -isysroot /Applications/Xcode.app/Contents/Developer/Platforms/iPhoneSimulator.platform/Developer/SDKs/iPhoneSimulator18.2.sdk -MD -MT CMakeFiles/cmTC_c15f2.dir/ConversionTests.c.o -MF CMakeFiles/cmTC_c15f2.dir/ConversionTests.c.o.d -o CMakeFiles/cmTC_c15f2.dir/ConversionTests.c.o -c /Users/stefanorizzetto/Documents/HDF5Kit/hdf5-1.14.6/config/cmake/ConversionTests.c
Linking C executable cmTC_c15f2
/opt/homebrew/bin/cmake -E cmake_link_script CMakeFiles/cmTC_c15f2.dir/link.txt --verbose=1
/usr/bin/cc  -DH5_LLONG_TO_LDOUBLE_CORRECT_TEST -arch arm64 -isysroot /Applications/Xcode.app/Contents/Developer/Platforms/iPhoneSimulator.platform/Developer/SDKs/iPhoneSimulator18.2.sdk -Wl,-search_paths_first -Wl,-headerpad_max_install_names CMakeFiles/cmTC_c15f2.dir/ConversionTests.c.o -o cmTC_c15f2


Test H5_LLONG_TO_LDOUBLE_CORRECT Run failed with exit code FAILED_TO_RUN and with the following output:
 dyld[74025]: DYLD_ROOT_PATH not set for simulator program
Subprocess aborted
Test H5_DISABLE_SOME_LDOUBLE_CONV Compile succeeded with the following output:
 Change Dir: '/Users/stefanorizzetto/Documents/HDF5Kit/build/ios-sim-arm64/CMakeFiles/CMakeTmp'

Run Build Command(s): /opt/homebrew/bin/cmake -E env VERBOSE=1 /usr/bin/make -f Makefile cmTC_5772c/fast
/Applications/Xcode.app/Contents/Developer/usr/bin/make  -f CMakeFiles/cmTC_5772c.dir/build.make CMakeFiles/cmTC_5772c.dir/build
Building C object CMakeFiles/cmTC_5772c.dir/ConversionTests.c.o
/usr/bin/cc   -DH5_DISABLE_SOME_LDOUBLE_CONV_TEST -arch arm64 -isysroot /Applications/Xcode.app/Contents/Developer/Platforms/iPhoneSimulator.platform/Developer/SDKs/iPhoneSimulator18.2.sdk -MD -MT CMakeFiles/cmTC_5772c.dir/ConversionTests.c.o -MF CMakeFiles/cmTC_5772c.dir/ConversionTests.c.o.d -o CMakeFiles/cmTC_5772c.dir/ConversionTests.c.o -c /Users/stefanorizzetto/Documents/HDF5Kit/hdf5-1.14.6/config/cmake/ConversionTests.c
Linking C executable cmTC_5772c
/opt/homebrew/bin/cmake -E cmake_link_script CMakeFiles/cmTC_5772c.dir/link.txt --verbose=1
/usr/bin/cc  -DH5_DISABLE_SOME_LDOUBLE_CONV_TEST -arch arm64 -isysroot /Applications/Xcode.app/Contents/Developer/Platforms/iPhoneSimulator.platform/Developer/SDKs/iPhoneSimulator18.2.sdk -Wl,-search_paths_first -Wl,-headerpad_max_install_names CMakeFiles/cmTC_5772c.dir/ConversionTests.c.o -o cmTC_5772c


Test H5_DISABLE_SOME_LDOUBLE_CONV Run failed with exit code FAILED_TO_RUN and with the following output:
 dyld[74070]: DYLD_ROOT_PATH not set for simulator program
Subprocess aborted
Test H5_FLOAT16_CONVERSION_FUNCS_LINK Compile succeeded with the following output:
 Change Dir: '/Users/stefanorizzetto/Documents/HDF5Kit/build/ios-sim-arm64/CMakeFiles/CMakeTmp'

Run Build Command(s): /opt/homebrew/bin/cmake -E env VERBOSE=1 /usr/bin/make -f Makefile cmTC_e8af0/fast
/Applications/Xcode.app/Contents/Developer/usr/bin/make  -f CMakeFiles/cmTC_e8af0.dir/build.make CMakeFiles/cmTC_e8af0.dir/build
Building C object CMakeFiles/cmTC_e8af0.dir/ConversionTests.c.o
/usr/bin/cc   -DH5_FLOAT16_CONVERSION_FUNCS_LINK_TEST -arch arm64 -isysroot /Applications/Xcode.app/Contents/Developer/Platforms/iPhoneSimulator.platform/Developer/SDKs/iPhoneSimulator18.2.sdk -MD -MT CMakeFiles/cmTC_e8af0.dir/ConversionTests.c.o -MF CMakeFiles/cmTC_e8af0.dir/ConversionTests.c.o.d -o CMakeFiles/cmTC_e8af0.dir/ConversionTests.c.o -c /Users/stefanorizzetto/Documents/HDF5Kit/hdf5-1.14.6/config/cmake/ConversionTests.c
Linking C executable cmTC_e8af0
/opt/homebrew/bin/cmake -E cmake_link_script CMakeFiles/cmTC_e8af0.dir/link.txt --verbose=1
/usr/bin/cc  -DH5_FLOAT16_CONVERSION_FUNCS_LINK_TEST -arch arm64 -isysroot /Applications/Xcode.app/Contents/Developer/Platforms/iPhoneSimulator.platform/Developer/SDKs/iPhoneSimulator18.2.sdk -Wl,-search_paths_first -Wl,-headerpad_max_install_names CMakeFiles/cmTC_e8af0.dir/ConversionTests.c.o -o cmTC_e8af0


Test H5_FLOAT16_CONVERSION_FUNCS_LINK Run failed with exit code FAILED_TO_RUN and with the following output:
 dyld[74424]: DYLD_ROOT_PATH not set for simulator program
Subprocess aborted
Test H5_FLOAT16_CONVERSION_FUNCS_LINK_NO_FLAGS Compile succeeded with the following output:
 Change Dir: '/Users/stefanorizzetto/Documents/HDF5Kit/build/ios-sim-arm64/CMakeFiles/CMakeTmp'

Run Build Command(s): /opt/homebrew/bin/cmake -E env VERBOSE=1 /usr/bin/make -f Makefile cmTC_e41e6/fast
/Applications/Xcode.app/Contents/Developer/usr/bin/make  -f CMakeFiles/cmTC_e41e6.dir/build.make CMakeFiles/cmTC_e41e6.dir/build
Building C object CMakeFiles/cmTC_e41e6.dir/ConversionTests.c.o
/usr/bin/cc   -DH5_FLOAT16_CONVERSION_FUNCS_LINK_NO_FLAGS_TEST -arch arm64 -isysroot /Applications/Xcode.app/Contents/Developer/Platforms/iPhoneSimulator.platform/Developer/SDKs/iPhoneSimulator18.2.sdk -MD -MT CMakeFiles/cmTC_e41e6.dir/ConversionTests.c.o -MF CMakeFiles/cmTC_e41e6.dir/ConversionTests.c.o.d -o CMakeFiles/cmTC_e41e6.dir/ConversionTests.c.o -c /Users/stefanorizzetto/Documents/HDF5Kit/hdf5-1.14.6/config/cmake/ConversionTests.c
Linking C executable cmTC_e41e6
/opt/homebrew/bin/cmake -E cmake_link_script CMakeFiles/cmTC_e41e6.dir/link.txt --verbose=1
/usr/bin/cc  -DH5_FLOAT16_CONVERSION_FUNCS_LINK_NO_FLAGS_TEST -arch arm64 -isysroot /Applications/Xcode.app/Contents/Developer/Platforms/iPhoneSimulator.platform/Developer/SDKs/iPhoneSimulator18.2.sdk -Wl,-search_paths_first -Wl,-headerpad_max_install_names CMakeFiles/cmTC_e41e6.dir/ConversionTests.c.o -o cmTC_e41e6


Test H5_FLOAT16_CONVERSION_FUNCS_LINK_NO_FLAGS Run failed with exit code FAILED_TO_RUN and with the following output:
 dyld[74469]: DYLD_ROOT_PATH not set for simulator program
Subprocess aborted
